2018.04.18 at 08:31:32 CST INFO  com.usersauth.service.impl.UsersServiceImpl login() @134 - 登录成功
2018.04.18 at 08:31:32 CST INFO  com.usersauth.service.impl.UsersServiceImpl login() @139 - permission==>user:list
2018.04.18 at 08:31:32 CST INFO  com.usersauth.service.impl.UsersServiceImpl login() @139 - permission==>role:update
2018.04.18 at 08:31:32 CST INFO  com.usersauth.service.impl.UsersServiceImpl login() @139 - permission==>user:add
2018.04.18 at 08:31:32 CST INFO  com.usersauth.service.impl.UsersServiceImpl login() @139 - permission==>ordermanage:list
2018.04.18 at 08:31:32 CST INFO  com.usersauth.service.impl.UsersServiceImpl login() @139 - permission==>basedata:list
2018.04.18 at 08:31:32 CST INFO  com.usersauth.service.impl.UsersServiceImpl login() @139 - permission==>role:list
2018.04.18 at 08:31:32 CST INFO  com.usersauth.service.impl.UsersServiceImpl login() @139 - permission==>role:delete
2018.04.18 at 08:31:32 CST INFO  com.usersauth.service.impl.UsersServiceImpl login() @139 - permission==>user:update
2018.04.18 at 08:31:32 CST INFO  com.usersauth.service.impl.UsersServiceImpl login() @139 - permission==>role:add
2018.04.18 at 08:31:32 CST INFO  com.usersauth.service.impl.UsersServiceImpl login() @139 - permission==>index:home
2018.04.18 at 08:31:32 CST INFO  com.usersauth.service.impl.UsersServiceImpl login() @139 - permission==>sysmanage:list
2018.04.18 at 09:04:57 CST INFO  com.usersauth.service.impl.UsersServiceImpl login() @134 - 登录成功
2018.04.18 at 09:04:57 CST INFO  com.usersauth.service.impl.UsersServiceImpl login() @139 - permission==>user:list
2018.04.18 at 09:04:57 CST INFO  com.usersauth.service.impl.UsersServiceImpl login() @139 - permission==>role:update
2018.04.18 at 09:04:57 CST INFO  com.usersauth.service.impl.UsersServiceImpl login() @139 - permission==>user:add
2018.04.18 at 09:04:57 CST INFO  com.usersauth.service.impl.UsersServiceImpl login() @139 - permission==>ordermanage:list
2018.04.18 at 09:04:57 CST INFO  com.usersauth.service.impl.UsersServiceImpl login() @139 - permission==>basedata:list
2018.04.18 at 09:04:57 CST INFO  com.usersauth.service.impl.UsersServiceImpl login() @139 - permission==>role:list
2018.04.18 at 09:04:57 CST INFO  com.usersauth.service.impl.UsersServiceImpl login() @139 - permission==>role:delete
2018.04.18 at 09:04:57 CST INFO  com.usersauth.service.impl.UsersServiceImpl login() @139 - permission==>user:update
2018.04.18 at 09:04:57 CST INFO  com.usersauth.service.impl.UsersServiceImpl login() @139 - permission==>role:add
2018.04.18 at 09:04:57 CST INFO  com.usersauth.service.impl.UsersServiceImpl login() @139 - permission==>index:home
2018.04.18 at 09:04:57 CST INFO  com.usersauth.service.impl.UsersServiceImpl login() @139 - permission==>sysmanage:list
2018.04.18 at 09:15:40 CST INFO  com.usersauth.service.impl.UsersServiceImpl login() @134 - 登录成功
2018.04.18 at 09:15:40 CST INFO  com.usersauth.service.impl.UsersServiceImpl login() @139 - permission==>user:list
2018.04.18 at 09:15:40 CST INFO  com.usersauth.service.impl.UsersServiceImpl login() @139 - permission==>role:update
2018.04.18 at 09:15:40 CST INFO  com.usersauth.service.impl.UsersServiceImpl login() @139 - permission==>user:add
2018.04.18 at 09:15:40 CST INFO  com.usersauth.service.impl.UsersServiceImpl login() @139 - permission==>ordermanage:list
2018.04.18 at 09:15:40 CST INFO  com.usersauth.service.impl.UsersServiceImpl login() @139 - permission==>basedata:list
2018.04.18 at 09:15:40 CST INFO  com.usersauth.service.impl.UsersServiceImpl login() @139 - permission==>role:list
2018.04.18 at 09:15:40 CST INFO  com.usersauth.service.impl.UsersServiceImpl login() @139 - permission==>role:delete
2018.04.18 at 09:15:40 CST INFO  com.usersauth.service.impl.UsersServiceImpl login() @139 - permission==>user:update
2018.04.18 at 09:15:40 CST INFO  com.usersauth.service.impl.UsersServiceImpl login() @139 - permission==>role:add
2018.04.18 at 09:15:40 CST INFO  com.usersauth.service.impl.UsersServiceImpl login() @139 - permission==>index:home
2018.04.18 at 09:15:40 CST INFO  com.usersauth.service.impl.UsersServiceImpl login() @139 - permission==>sysmanage:list
2018.04.18 at 09:27:08 CST INFO  com.usersauth.service.impl.UsersServiceImpl login() @134 - 登录成功
2018.04.18 at 09:27:08 CST INFO  com.usersauth.service.impl.UsersServiceImpl login() @139 - permission==>user:list
2018.04.18 at 09:27:08 CST INFO  com.usersauth.service.impl.UsersServiceImpl login() @139 - permission==>role:update
2018.04.18 at 09:27:08 CST INFO  com.usersauth.service.impl.UsersServiceImpl login() @139 - permission==>user:add
2018.04.18 at 09:27:08 CST INFO  com.usersauth.service.impl.UsersServiceImpl login() @139 - permission==>ordermanage:list
2018.04.18 at 09:27:08 CST INFO  com.usersauth.service.impl.UsersServiceImpl login() @139 - permission==>basedata:list
2018.04.18 at 09:27:08 CST INFO  com.usersauth.service.impl.UsersServiceImpl login() @139 - permission==>role:list
2018.04.18 at 09:27:08 CST INFO  com.usersauth.service.impl.UsersServiceImpl login() @139 - permission==>role:delete
2018.04.18 at 09:27:08 CST INFO  com.usersauth.service.impl.UsersServiceImpl login() @139 - permission==>user:update
2018.04.18 at 09:27:08 CST INFO  com.usersauth.service.impl.UsersServiceImpl login() @139 - permission==>role:add
2018.04.18 at 09:27:08 CST INFO  com.usersauth.service.impl.UsersServiceImpl login() @139 - permission==>index:home
2018.04.18 at 09:27:08 CST INFO  com.usersauth.service.impl.UsersServiceImpl login() @139 - permission==>sysmanage:list
2018.04.18 at 09:27:08 CST INFO  com.usersauth.utils.RedisUtils createToken() @40 - expires:180
2018.04.18 at 09:59:10 CST INFO  com.usersauth.service.impl.UsersServiceImpl login() @134 - 登录成功
2018.04.18 at 09:59:10 CST INFO  com.usersauth.service.impl.UsersServiceImpl login() @139 - permission==>user:list
2018.04.18 at 09:59:10 CST INFO  com.usersauth.service.impl.UsersServiceImpl login() @139 - permission==>role:update
2018.04.18 at 09:59:10 CST INFO  com.usersauth.service.impl.UsersServiceImpl login() @139 - permission==>user:add
2018.04.18 at 09:59:10 CST INFO  com.usersauth.service.impl.UsersServiceImpl login() @139 - permission==>ordermanage:list
2018.04.18 at 09:59:10 CST INFO  com.usersauth.service.impl.UsersServiceImpl login() @139 - permission==>basedata:list
2018.04.18 at 09:59:10 CST INFO  com.usersauth.service.impl.UsersServiceImpl login() @139 - permission==>role:list
2018.04.18 at 09:59:10 CST INFO  com.usersauth.service.impl.UsersServiceImpl login() @139 - permission==>role:delete
2018.04.18 at 09:59:10 CST INFO  com.usersauth.service.impl.UsersServiceImpl login() @139 - permission==>user:update
2018.04.18 at 09:59:10 CST INFO  com.usersauth.service.impl.UsersServiceImpl login() @139 - permission==>role:add
2018.04.18 at 09:59:10 CST INFO  com.usersauth.service.impl.UsersServiceImpl login() @139 - permission==>index:home
2018.04.18 at 09:59:10 CST INFO  com.usersauth.service.impl.UsersServiceImpl login() @139 - permission==>sysmanage:list
2018.04.18 at 10:16:48 CST INFO  com.usersauth.service.impl.UsersServiceImpl login() @134 - 登录成功
2018.04.18 at 10:16:48 CST INFO  com.usersauth.service.impl.UsersServiceImpl login() @139 - permission==>user:list
2018.04.18 at 10:16:48 CST INFO  com.usersauth.service.impl.UsersServiceImpl login() @139 - permission==>role:update
2018.04.18 at 10:16:48 CST INFO  com.usersauth.service.impl.UsersServiceImpl login() @139 - permission==>user:add
2018.04.18 at 10:16:48 CST INFO  com.usersauth.service.impl.UsersServiceImpl login() @139 - permission==>ordermanage:list
2018.04.18 at 10:16:48 CST INFO  com.usersauth.service.impl.UsersServiceImpl login() @139 - permission==>basedata:list
2018.04.18 at 10:16:48 CST INFO  com.usersauth.service.impl.UsersServiceImpl login() @139 - permission==>role:list
2018.04.18 at 10:16:48 CST INFO  com.usersauth.service.impl.UsersServiceImpl login() @139 - permission==>role:delete
2018.04.18 at 10:16:48 CST INFO  com.usersauth.service.impl.UsersServiceImpl login() @139 - permission==>user:update
2018.04.18 at 10:16:48 CST INFO  com.usersauth.service.impl.UsersServiceImpl login() @139 - permission==>role:add
2018.04.18 at 10:16:48 CST INFO  com.usersauth.service.impl.UsersServiceImpl login() @139 - permission==>index:home
2018.04.18 at 10:16:48 CST INFO  com.usersauth.service.impl.UsersServiceImpl login() @139 - permission==>sysmanage:list
2018.04.18 at 10:20:49 CST INFO  com.usersauth.service.impl.UsersServiceImpl login() @134 - 登录成功
2018.04.18 at 10:20:49 CST INFO  com.usersauth.service.impl.UsersServiceImpl login() @139 - permission==>user:list
2018.04.18 at 10:20:49 CST INFO  com.usersauth.service.impl.UsersServiceImpl login() @139 - permission==>role:update
2018.04.18 at 10:20:49 CST INFO  com.usersauth.service.impl.UsersServiceImpl login() @139 - permission==>user:add
2018.04.18 at 10:20:49 CST INFO  com.usersauth.service.impl.UsersServiceImpl login() @139 - permission==>ordermanage:list
2018.04.18 at 10:20:49 CST INFO  com.usersauth.service.impl.UsersServiceImpl login() @139 - permission==>basedata:list
2018.04.18 at 10:20:49 CST INFO  com.usersauth.service.impl.UsersServiceImpl login() @139 - permission==>role:list
2018.04.18 at 10:20:49 CST INFO  com.usersauth.service.impl.UsersServiceImpl login() @139 - permission==>role:delete
2018.04.18 at 10:20:49 CST INFO  com.usersauth.service.impl.UsersServiceImpl login() @139 - permission==>user:update
2018.04.18 at 10:20:49 CST INFO  com.usersauth.service.impl.UsersServiceImpl login() @139 - permission==>role:add
2018.04.18 at 10:20:49 CST INFO  com.usersauth.service.impl.UsersServiceImpl login() @139 - permission==>index:home
2018.04.18 at 10:20:49 CST INFO  com.usersauth.service.impl.UsersServiceImpl login() @139 - permission==>sysmanage:list
2018.04.18 at 10:38:05 CST INFO  com.usersauth.service.impl.UsersServiceImpl login() @134 - 登录成功
2018.04.18 at 10:38:05 CST INFO  com.usersauth.service.impl.UsersServiceImpl login() @139 - permission==>user:list
2018.04.18 at 10:38:05 CST INFO  com.usersauth.service.impl.UsersServiceImpl login() @139 - permission==>role:update
2018.04.18 at 10:38:05 CST INFO  com.usersauth.service.impl.UsersServiceImpl login() @139 - permission==>user:add
2018.04.18 at 10:38:05 CST INFO  com.usersauth.service.impl.UsersServiceImpl login() @139 - permission==>ordermanage:list
2018.04.18 at 10:38:05 CST INFO  com.usersauth.service.impl.UsersServiceImpl login() @139 - permission==>basedata:list
2018.04.18 at 10:38:05 CST INFO  com.usersauth.service.impl.UsersServiceImpl login() @139 - permission==>role:list
2018.04.18 at 10:38:05 CST INFO  com.usersauth.service.impl.UsersServiceImpl login() @139 - permission==>role:delete
2018.04.18 at 10:38:05 CST INFO  com.usersauth.service.impl.UsersServiceImpl login() @139 - permission==>user:update
2018.04.18 at 10:38:05 CST INFO  com.usersauth.service.impl.UsersServiceImpl login() @139 - permission==>role:add
2018.04.18 at 10:38:05 CST INFO  com.usersauth.service.impl.UsersServiceImpl login() @139 - permission==>index:home
2018.04.18 at 10:38:05 CST INFO  com.usersauth.service.impl.UsersServiceImpl login() @139 - permission==>sysmanage:list
2018.04.18 at 11:19:03 CST INFO  com.usersauth.service.impl.UsersServiceImpl login() @134 - 登录成功
2018.04.18 at 11:19:03 CST INFO  com.usersauth.service.impl.UsersServiceImpl login() @139 - permission==>user:list
2018.04.18 at 11:19:03 CST INFO  com.usersauth.service.impl.UsersServiceImpl login() @139 - permission==>role:update
2018.04.18 at 11:19:03 CST INFO  com.usersauth.service.impl.UsersServiceImpl login() @139 - permission==>user:add
2018.04.18 at 11:19:03 CST INFO  com.usersauth.service.impl.UsersServiceImpl login() @139 - permission==>ordermanage:list
2018.04.18 at 11:19:03 CST INFO  com.usersauth.service.impl.UsersServiceImpl login() @139 - permission==>basedata:list
2018.04.18 at 11:19:03 CST INFO  com.usersauth.service.impl.UsersServiceImpl login() @139 - permission==>role:list
2018.04.18 at 11:19:03 CST INFO  com.usersauth.service.impl.UsersServiceImpl login() @139 - permission==>role:delete
2018.04.18 at 11:19:03 CST INFO  com.usersauth.service.impl.UsersServiceImpl login() @139 - permission==>user:update
2018.04.18 at 11:19:03 CST INFO  com.usersauth.service.impl.UsersServiceImpl login() @139 - permission==>role:add
2018.04.18 at 11:19:03 CST INFO  com.usersauth.service.impl.UsersServiceImpl login() @139 - permission==>index:home
2018.04.18 at 11:19:03 CST INFO  com.usersauth.service.impl.UsersServiceImpl login() @139 - permission==>sysmanage:list
2018.04.18 at 11:30:30 CST INFO  com.usersauth.service.impl.UsersServiceImpl login() @134 - 登录成功
2018.04.18 at 11:30:30 CST INFO  com.usersauth.service.impl.UsersServiceImpl login() @139 - permission==>user:list
2018.04.18 at 11:30:30 CST INFO  com.usersauth.service.impl.UsersServiceImpl login() @139 - permission==>role:update
2018.04.18 at 11:30:30 CST INFO  com.usersauth.service.impl.UsersServiceImpl login() @139 - permission==>user:add
2018.04.18 at 11:30:30 CST INFO  com.usersauth.service.impl.UsersServiceImpl login() @139 - permission==>ordermanage:list
2018.04.18 at 11:30:30 CST INFO  com.usersauth.service.impl.UsersServiceImpl login() @139 - permission==>basedata:list
2018.04.18 at 11:30:30 CST INFO  com.usersauth.service.impl.UsersServiceImpl login() @139 - permission==>role:list
2018.04.18 at 11:30:30 CST INFO  com.usersauth.service.impl.UsersServiceImpl login() @139 - permission==>role:delete
2018.04.18 at 11:30:30 CST INFO  com.usersauth.service.impl.UsersServiceImpl login() @139 - permission==>user:update
2018.04.18 at 11:30:30 CST INFO  com.usersauth.service.impl.UsersServiceImpl login() @139 - permission==>role:add
2018.04.18 at 11:30:30 CST INFO  com.usersauth.service.impl.UsersServiceImpl login() @139 - permission==>index:home
2018.04.18 at 11:30:30 CST INFO  com.usersauth.service.impl.UsersServiceImpl login() @139 - permission==>sysmanage:list
2018.04.18 at 13:13:54 CST INFO  com.usersauth.service.impl.UsersServiceImpl login() @134 - 登录成功
2018.04.18 at 13:13:54 CST INFO  com.usersauth.service.impl.UsersServiceImpl login() @139 - permission==>user:list
2018.04.18 at 13:13:54 CST INFO  com.usersauth.service.impl.UsersServiceImpl login() @139 - permission==>role:update
2018.04.18 at 13:13:54 CST INFO  com.usersauth.service.impl.UsersServiceImpl login() @139 - permission==>user:add
2018.04.18 at 13:13:54 CST INFO  com.usersauth.service.impl.UsersServiceImpl login() @139 - permission==>ordermanage:list
2018.04.18 at 13:13:54 CST INFO  com.usersauth.service.impl.UsersServiceImpl login() @139 - permission==>basedata:list
2018.04.18 at 13:13:54 CST INFO  com.usersauth.service.impl.UsersServiceImpl login() @139 - permission==>role:list
2018.04.18 at 13:13:54 CST INFO  com.usersauth.service.impl.UsersServiceImpl login() @139 - permission==>role:delete
2018.04.18 at 13:13:54 CST INFO  com.usersauth.service.impl.UsersServiceImpl login() @139 - permission==>user:update
2018.04.18 at 13:13:54 CST INFO  com.usersauth.service.impl.UsersServiceImpl login() @139 - permission==>role:add
2018.04.18 at 13:13:54 CST INFO  com.usersauth.service.impl.UsersServiceImpl login() @139 - permission==>index:home
2018.04.18 at 13:13:54 CST INFO  com.usersauth.service.impl.UsersServiceImpl login() @139 - permission==>sysmanage:list
